npm verbose cli /usr/local/bin/node /usr/local/bin/npm
npm info using npm@10.9.2
npm info using node@v22.14.0
npm verbose title npm exec nodemon
npm verbose argv "exec" "--yes" "nodemon" "--loglevel" "verbose"
npm verbose logfile logs-max:10 dir:/Users/malaviyagautam/.npm/_logs/2025-09-05T16_18_19_124Z-
npm verbose logfile /Users/malaviyagautam/.npm/_logs/2025-09-05T16_18_19_124Z-debug-0.log
[33m[nodemon] 3.1.10[39m
[33m[nodemon] to restart at any time, enter `rs`[39m
[33m[nodemon] watching path(s): src/**/*[39m
[33m[nodemon] watching extensions: ts,json[39m
[32m[nodemon] starting `tsx ./src/app.ts`[39m
[dotenv@17.2.2] injecting env (5) from .env -- tip: 🛠️  run anywhere with `dotenvx run -- yourcommand`
Error: querySrv ENOTFOUND _mongodb._tcp.123
    at QueryReqWrap.onresolve [as oncomplete] (node:internal/dns/promises:293:17) {
  errno: undefined,
  code: 'ENOTFOUND',
  syscall: 'querySrv',
  hostname: '_mongodb._tcp.123'
}
server is starting on port 3000
[32m[nodemon] restarting due to changes...[39m
[32m[nodemon] starting `tsx ./src/app.ts`[39m
[dotenv@17.2.2] injecting env (5) from .env -- tip: 🔐 encrypt with Dotenvx: https://dotenvx.com
Error: querySrv ENOTFOUND _mongodb._tcp.123
    at QueryReqWrap.onresolve [as oncomplete] (node:internal/dns/promises:293:17) {
  errno: undefined,
  code: 'ENOTFOUND',
  syscall: 'querySrv',
  hostname: '_mongodb._tcp.123'
}
server is starting on port 3000
[32m[nodemon] restarting due to changes...[39m
[32m[nodemon] starting `tsx ./src/app.ts`[39m
[32m[nodemon] still waiting for 1 sub-process to finish...[39m
[dotenv@17.2.2] injecting env (5) from .env -- tip: ⚙️  suppress all logs with { quiet: true }
connecting to database...-----> uri------> mongodb+srv://gautam:gautam@123@cluster0.cqqenfr.mongodb.net/products_Management
Error: querySrv ENOTFOUND _mongodb._tcp.123
    at QueryReqWrap.onresolve [as oncomplete] (node:internal/dns/promises:293:17) {
  errno: undefined,
  code: 'ENOTFOUND',
  syscall: 'querySrv',
  hostname: '_mongodb._tcp.123'
}
server is starting on port 3000
[32m[nodemon] clean exit - waiting for changes before restart[39m
[32m[nodemon] restarting due to changes...[39m
[32m[nodemon] starting `tsx ./src/app.ts`[39m
[dotenv@17.2.2] injecting env (5) from .env -- tip: 📡 version env with Radar: https://dotenvx.com/radar
database is connected 
server is starting on port 3000
[32m[nodemon] restarting due to changes...[39m
[32m[nodemon] starting `tsx ./src/app.ts`[39m
[dotenv@17.2.2] injecting env (5) from .env -- tip: 🔐 encrypt with Dotenvx: https://dotenvx.com
database is connected 
server is starting on port 3000
[32m[nodemon] restarting due to changes...[39m
[32m[nodemon] restarting due to changes...[39m
[32m[nodemon] starting `tsx ./src/app.ts`[39m

node:internal/modules/run_main:122
    triggerUncaughtException(
    ^
Error [ERR_MODULE_NOT_FOUND]: Cannot find module '/Users/malaviyagautam/Code/JS/Interview/product Management/backend/src/models/user.model.js' imported from /Users/malaviyagautam/Code/JS/Interview/product Management/backend/src/services/user.service.ts
    at finalizeResolution (node:internal/modules/esm/resolve:275:11)
    at moduleResolve (node:internal/modules/esm/resolve:860:10)
    at defaultResolve (node:internal/modules/esm/resolve:984:11)
    at nextResolve (node:internal/modules/esm/hooks:748:28)
    at resolveBase (file:///Users/malaviyagautam/Code/JS/Interview/product%20Management/backend/node_modules/tsx/dist/esm/index.mjs?1757317312566:2:3744)
    at async resolveDirectory (file:///Users/malaviyagautam/Code/JS/Interview/product%20Management/backend/node_modules/tsx/dist/esm/index.mjs?1757317312566:2:4237)
    at async resolve (file:///Users/malaviyagautam/Code/JS/Interview/product%20Management/backend/node_modules/tsx/dist/esm/index.mjs?1757317312566:2:5355)
    at async nextResolve (node:internal/modules/esm/hooks:748:22)
    at async Hooks.resolve (node:internal/modules/esm/hooks:240:24)
    at async handleMessage (node:internal/modules/esm/worker:199:18) {
  code: 'ERR_MODULE_NOT_FOUND',
  url: 'file:///Users/malaviyagautam/Code/JS/Interview/product%20Management/backend/src/models/user.model.js'
}

Node.js v22.14.0
[31m[nodemon] app crashed - waiting for file changes before starting...[39m
[32m[nodemon] restarting due to changes...[39m
[32m[nodemon] starting `tsx ./src/app.ts`[39m

node:internal/modules/run_main:122
    triggerUncaughtException(
    ^
Error [ERR_MODULE_NOT_FOUND]: Cannot find module '/Users/malaviyagautam/Code/JS/Interview/product Management/backend/src/models/user.model.js' imported from /Users/malaviyagautam/Code/JS/Interview/product Management/backend/src/services/user.service.ts
    at finalizeResolution (node:internal/modules/esm/resolve:275:11)
    at moduleResolve (node:internal/modules/esm/resolve:860:10)
    at defaultResolve (node:internal/modules/esm/resolve:984:11)
    at nextResolve (node:internal/modules/esm/hooks:748:28)
    at resolveBase (file:///Users/malaviyagautam/Code/JS/Interview/product%20Management/backend/node_modules/tsx/dist/esm/index.mjs?1757317385448:2:3744)
    at async resolveDirectory (file:///Users/malaviyagautam/Code/JS/Interview/product%20Management/backend/node_modules/tsx/dist/esm/index.mjs?1757317385448:2:4237)
    at async resolve (file:///Users/malaviyagautam/Code/JS/Interview/product%20Management/backend/node_modules/tsx/dist/esm/index.mjs?1757317385448:2:5355)
    at async nextResolve (node:internal/modules/esm/hooks:748:22)
    at async Hooks.resolve (node:internal/modules/esm/hooks:240:24)
    at async handleMessage (node:internal/modules/esm/worker:199:18) {
  code: 'ERR_MODULE_NOT_FOUND',
  url: 'file:///Users/malaviyagautam/Code/JS/Interview/product%20Management/backend/src/models/user.model.js'
}

Node.js v22.14.0
[31m[nodemon] app crashed - waiting for file changes before starting...[39m
[32m[nodemon] restarting due to changes...[39m
[32m[nodemon] starting `tsx ./src/app.ts`[39m
[32m[nodemon] restarting due to changes...[39m
[32m[nodemon] starting `tsx ./src/app.ts`[39m

node:internal/modules/run_main:122
    triggerUncaughtException(
    ^
Error [ERR_MODULE_NOT_FOUND]: Cannot find module '/Users/malaviyagautam/Code/JS/Interview/product Management/backend/src/services/user.service.js' imported from /Users/malaviyagautam/Code/JS/Interview/product Management/backend/src/controllers/user.controller.ts
    at finalizeResolution (node:internal/modules/esm/resolve:275:11)
    at moduleResolve (node:internal/modules/esm/resolve:860:10)
    at defaultResolve (node:internal/modules/esm/resolve:984:11)
    at nextResolve (node:internal/modules/esm/hooks:748:28)
    at resolveBase (file:///Users/malaviyagautam/Code/JS/Interview/product%20Management/backend/node_modules/tsx/dist/esm/index.mjs?1757317411654:2:3744)
    at async resolveDirectory (file:///Users/malaviyagautam/Code/JS/Interview/product%20Management/backend/node_modules/tsx/dist/esm/index.mjs?1757317411654:2:4237)
    at async resolve (file:///Users/malaviyagautam/Code/JS/Interview/product%20Management/backend/node_modules/tsx/dist/esm/index.mjs?1757317411654:2:5355)
    at async nextResolve (node:internal/modules/esm/hooks:748:22)
    at async Hooks.resolve (node:internal/modules/esm/hooks:240:24)
    at async handleMessage (node:internal/modules/esm/worker:199:18) {
  code: 'ERR_MODULE_NOT_FOUND',
  url: 'file:///Users/malaviyagautam/Code/JS/Interview/product%20Management/backend/src/services/user.service.js'
}

Node.js v22.14.0
[31m[nodemon] app crashed - waiting for file changes before starting...[39m
[32m[nodemon] restarting due to changes...[39m
[32m[nodemon] starting `tsx ./src/app.ts`[39m

node:internal/modules/run_main:122
    triggerUncaughtException(
    ^
Error [ERR_MODULE_NOT_FOUND]: Cannot find module '/Users/malaviyagautam/Code/JS/Interview/product Management/backend/src/services/user.service.js' imported from /Users/malaviyagautam/Code/JS/Interview/product Management/backend/src/controllers/user.controller.ts
    at finalizeResolution (node:internal/modules/esm/resolve:275:11)
    at moduleResolve (node:internal/modules/esm/resolve:860:10)
    at defaultResolve (node:internal/modules/esm/resolve:984:11)
    at nextResolve (node:internal/modules/esm/hooks:748:28)
    at resolveBase (file:///Users/malaviyagautam/Code/JS/Interview/product%20Management/backend/node_modules/tsx/dist/esm/index.mjs?1757317612973:2:3744)
    at async resolveDirectory (file:///Users/malaviyagautam/Code/JS/Interview/product%20Management/backend/node_modules/tsx/dist/esm/index.mjs?1757317612973:2:4237)
    at async resolve (file:///Users/malaviyagautam/Code/JS/Interview/product%20Management/backend/node_modules/tsx/dist/esm/index.mjs?1757317612973:2:5355)
    at async nextResolve (node:internal/modules/esm/hooks:748:22)
    at async Hooks.resolve (node:internal/modules/esm/hooks:240:24)
    at async handleMessage (node:internal/modules/esm/worker:199:18) {
  code: 'ERR_MODULE_NOT_FOUND',
  url: 'file:///Users/malaviyagautam/Code/JS/Interview/product%20Management/backend/src/services/user.service.js'
}

Node.js v22.14.0
[31m[nodemon] app crashed - waiting for file changes before starting...[39m
[32m[nodemon] restarting due to changes...[39m
[32m[nodemon] starting `tsx ./src/app.ts`[39m

node:internal/modules/run_main:122
    triggerUncaughtException(
    ^
Error [ERR_MODULE_NOT_FOUND]: Cannot find module '/Users/malaviyagautam/Code/JS/Interview/product Management/backend/src/services/user.service.js' imported from /Users/malaviyagautam/Code/JS/Interview/product Management/backend/src/controllers/user.controller.ts
    at finalizeResolution (node:internal/modules/esm/resolve:275:11)
    at moduleResolve (node:internal/modules/esm/resolve:860:10)
    at defaultResolve (node:internal/modules/esm/resolve:984:11)
    at nextResolve (node:internal/modules/esm/hooks:748:28)
    at resolveBase (file:///Users/malaviyagautam/Code/JS/Interview/product%20Management/backend/node_modules/tsx/dist/esm/index.mjs?1757317648612:2:3744)
    at async resolveDirectory (file:///Users/malaviyagautam/Code/JS/Interview/product%20Management/backend/node_modules/tsx/dist/esm/index.mjs?1757317648612:2:4237)
    at async resolve (file:///Users/malaviyagautam/Code/JS/Interview/product%20Management/backend/node_modules/tsx/dist/esm/index.mjs?1757317648612:2:5355)
    at async nextResolve (node:internal/modules/esm/hooks:748:22)
    at async Hooks.resolve (node:internal/modules/esm/hooks:240:24)
    at async handleMessage (node:internal/modules/esm/worker:199:18) {
  code: 'ERR_MODULE_NOT_FOUND',
  url: 'file:///Users/malaviyagautam/Code/JS/Interview/product%20Management/backend/src/services/user.service.js'
}

Node.js v22.14.0
[31m[nodemon] app crashed - waiting for file changes before starting...[39m
[32m[nodemon] restarting due to changes...[39m
[32m[nodemon] starting `tsx ./src/app.ts`[39m
[32m[nodemon] restarting due to changes...[39m
[32m[nodemon] starting `tsx ./src/app.ts`[39m

node:internal/modules/run_main:122
    triggerUncaughtException(
    ^
Error [ERR_MODULE_NOT_FOUND]: Cannot find module '/Users/malaviyagautam/Code/JS/Interview/product Management/backend/src/services/user.service.js' imported from /Users/malaviyagautam/Code/JS/Interview/product Management/backend/src/controllers/user.controller.ts
    at finalizeResolution (node:internal/modules/esm/resolve:275:11)
    at moduleResolve (node:internal/modules/esm/resolve:860:10)
    at defaultResolve (node:internal/modules/esm/resolve:984:11)
    at nextResolve (node:internal/modules/esm/hooks:748:28)
    at resolveBase (file:///Users/malaviyagautam/Code/JS/Interview/product%20Management/backend/node_modules/tsx/dist/esm/index.mjs?1757319824686:2:3744)
    at async resolveDirectory (file:///Users/malaviyagautam/Code/JS/Interview/product%20Management/backend/node_modules/tsx/dist/esm/index.mjs?1757319824686:2:4237)
    at async resolve (file:///Users/malaviyagautam/Code/JS/Interview/product%20Management/backend/node_modules/tsx/dist/esm/index.mjs?1757319824686:2:5355)
    at async nextResolve (node:internal/modules/esm/hooks:748:22)
    at async Hooks.resolve (node:internal/modules/esm/hooks:240:24)
    at async handleMessage (node:internal/modules/esm/worker:199:18) {
  code: 'ERR_MODULE_NOT_FOUND',
  url: 'file:///Users/malaviyagautam/Code/JS/Interview/product%20Management/backend/src/services/user.service.js'
}

Node.js v22.14.0
[31m[nodemon] app crashed - waiting for file changes before starting...[39m
[32m[nodemon] restarting due to changes...[39m
[32m[nodemon] starting `tsx ./src/app.ts`[39m

node:internal/modules/run_main:122
    triggerUncaughtException(
    ^
Error [ERR_MODULE_NOT_FOUND]: Cannot find module '/Users/malaviyagautam/Code/JS/Interview/product Management/backend/src/services/user.service.js' imported from /Users/malaviyagautam/Code/JS/Interview/product Management/backend/src/controllers/user.controller.ts
    at finalizeResolution (node:internal/modules/esm/resolve:275:11)
    at moduleResolve (node:internal/modules/esm/resolve:860:10)
    at defaultResolve (node:internal/modules/esm/resolve:984:11)
    at nextResolve (node:internal/modules/esm/hooks:748:28)
    at resolveBase (file:///Users/malaviyagautam/Code/JS/Interview/product%20Management/backend/node_modules/tsx/dist/esm/index.mjs?1757320044952:2:3744)
    at async resolveDirectory (file:///Users/malaviyagautam/Code/JS/Interview/product%20Management/backend/node_modules/tsx/dist/esm/index.mjs?1757320044952:2:4237)
    at async resolve (file:///Users/malaviyagautam/Code/JS/Interview/product%20Management/backend/node_modules/tsx/dist/esm/index.mjs?1757320044952:2:5355)
    at async nextResolve (node:internal/modules/esm/hooks:748:22)
    at async Hooks.resolve (node:internal/modules/esm/hooks:240:24)
    at async handleMessage (node:internal/modules/esm/worker:199:18) {
  code: 'ERR_MODULE_NOT_FOUND',
  url: 'file:///Users/malaviyagautam/Code/JS/Interview/product%20Management/backend/src/services/user.service.js'
}

Node.js v22.14.0
[31m[nodemon] app crashed - waiting for file changes before starting...[39m
[32m[nodemon] restarting due to changes...[39m
[32m[nodemon] starting `tsx ./src/app.ts`[39m

node:internal/modules/run_main:122
    triggerUncaughtException(
    ^
Error [ERR_MODULE_NOT_FOUND]: Cannot find module '/Users/malaviyagautam/Code/JS/Interview/product Management/backend/src/services/user.service.js' imported from /Users/malaviyagautam/Code/JS/Interview/product Management/backend/src/controllers/user.controller.ts
    at finalizeResolution (node:internal/modules/esm/resolve:275:11)
    at moduleResolve (node:internal/modules/esm/resolve:860:10)
    at defaultResolve (node:internal/modules/esm/resolve:984:11)
    at nextResolve (node:internal/modules/esm/hooks:748:28)
    at resolveBase (file:///Users/malaviyagautam/Code/JS/Interview/product%20Management/backend/node_modules/tsx/dist/esm/index.mjs?1757320663220:2:3744)
    at async resolveDirectory (file:///Users/malaviyagautam/Code/JS/Interview/product%20Management/backend/node_modules/tsx/dist/esm/index.mjs?1757320663220:2:4237)
    at async resolve (file:///Users/malaviyagautam/Code/JS/Interview/product%20Management/backend/node_modules/tsx/dist/esm/index.mjs?1757320663220:2:5355)
    at async nextResolve (node:internal/modules/esm/hooks:748:22)
    at async Hooks.resolve (node:internal/modules/esm/hooks:240:24)
    at async handleMessage (node:internal/modules/esm/worker:199:18) {
  code: 'ERR_MODULE_NOT_FOUND',
  url: 'file:///Users/malaviyagautam/Code/JS/Interview/product%20Management/backend/src/services/user.service.js'
}

Node.js v22.14.0
[31m[nodemon] app crashed - waiting for file changes before starting...[39m
[32m[nodemon] restarting due to changes...[39m
[32m[nodemon] starting `tsx ./src/app.ts`[39m
[32m[nodemon] restarting due to changes...[39m
[32m[nodemon] starting `tsx ./src/app.ts`[39m

node:internal/modules/run_main:122
    triggerUncaughtException(
    ^
Error [ERR_MODULE_NOT_FOUND]: Cannot find module '/Users/malaviyagautam/Code/JS/Interview/product Management/backend/src/controllers/user.controller.js' imported from /Users/malaviyagautam/Code/JS/Interview/product Management/backend/src/routes/uer.routes.ts
    at finalizeResolution (node:internal/modules/esm/resolve:275:11)
    at moduleResolve (node:internal/modules/esm/resolve:860:10)
    at defaultResolve (node:internal/modules/esm/resolve:984:11)
    at nextResolve (node:internal/modules/esm/hooks:748:28)
    at resolveBase (file:///Users/malaviyagautam/Code/JS/Interview/product%20Management/backend/node_modules/tsx/dist/esm/index.mjs?1757320685820:2:3744)
    at async resolveDirectory (file:///Users/malaviyagautam/Code/JS/Interview/product%20Management/backend/node_modules/tsx/dist/esm/index.mjs?1757320685820:2:4237)
    at async resolve (file:///Users/malaviyagautam/Code/JS/Interview/product%20Management/backend/node_modules/tsx/dist/esm/index.mjs?1757320685820:2:5355)
    at async nextResolve (node:internal/modules/esm/hooks:748:22)
    at async Hooks.resolve (node:internal/modules/esm/hooks:240:24)
    at async handleMessage (node:internal/modules/esm/worker:199:18) {
  code: 'ERR_MODULE_NOT_FOUND',
  url: 'file:///Users/malaviyagautam/Code/JS/Interview/product%20Management/backend/src/controllers/user.controller.js'
}

Node.js v22.14.0
[31m[nodemon] app crashed - waiting for file changes before starting...[39m
[32m[nodemon] restarting due to changes...[39m
[32m[nodemon] starting `tsx ./src/app.ts`[39m

node:internal/modules/run_main:122
    triggerUncaughtException(
    ^
Error [ERR_MODULE_NOT_FOUND]: Cannot find module '/Users/malaviyagautam/Code/JS/Interview/product Management/backend/src/controllers/user.controller.js' imported from /Users/malaviyagautam/Code/JS/Interview/product Management/backend/src/routes/uer.routes.ts
    at finalizeResolution (node:internal/modules/esm/resolve:275:11)
    at moduleResolve (node:internal/modules/esm/resolve:860:10)
    at defaultResolve (node:internal/modules/esm/resolve:984:11)
    at nextResolve (node:internal/modules/esm/hooks:748:28)
    at resolveBase (file:///Users/malaviyagautam/Code/JS/Interview/product%20Management/backend/node_modules/tsx/dist/esm/index.mjs?1757320692874:2:3744)
    at async resolveDirectory (file:///Users/malaviyagautam/Code/JS/Interview/product%20Management/backend/node_modules/tsx/dist/esm/index.mjs?1757320692874:2:4237)
    at async resolve (file:///Users/malaviyagautam/Code/JS/Interview/product%20Management/backend/node_modules/tsx/dist/esm/index.mjs?1757320692874:2:5355)
    at async nextResolve (node:internal/modules/esm/hooks:748:22)
    at async Hooks.resolve (node:internal/modules/esm/hooks:240:24)
    at async handleMessage (node:internal/modules/esm/worker:199:18) {
  code: 'ERR_MODULE_NOT_FOUND',
  url: 'file:///Users/malaviyagautam/Code/JS/Interview/product%20Management/backend/src/controllers/user.controller.js'
}

Node.js v22.14.0
[31m[nodemon] app crashed - waiting for file changes before starting...[39m
[32m[nodemon] restarting due to changes...[39m
[32m[nodemon] starting `tsx ./src/app.ts`[39m

node:internal/modules/run_main:122
    triggerUncaughtException(
    ^
Error [ERR_MODULE_NOT_FOUND]: Cannot find module '/Users/malaviyagautam/Code/JS/Interview/product Management/backend/src/controllers/user.controller.js' imported from /Users/malaviyagautam/Code/JS/Interview/product Management/backend/src/routes/uer.routes.ts
    at finalizeResolution (node:internal/modules/esm/resolve:275:11)
    at moduleResolve (node:internal/modules/esm/resolve:860:10)
    at defaultResolve (node:internal/modules/esm/resolve:984:11)
    at nextResolve (node:internal/modules/esm/hooks:748:28)
    at resolveBase (file:///Users/malaviyagautam/Code/JS/Interview/product%20Management/backend/node_modules/tsx/dist/esm/index.mjs?1757320829912:2:3744)
    at async resolveDirectory (file:///Users/malaviyagautam/Code/JS/Interview/product%20Management/backend/node_modules/tsx/dist/esm/index.mjs?1757320829912:2:4237)
    at async resolve (file:///Users/malaviyagautam/Code/JS/Interview/product%20Management/backend/node_modules/tsx/dist/esm/index.mjs?1757320829912:2:5355)
    at async nextResolve (node:internal/modules/esm/hooks:748:22)
    at async Hooks.resolve (node:internal/modules/esm/hooks:240:24)
    at async handleMessage (node:internal/modules/esm/worker:199:18) {
  code: 'ERR_MODULE_NOT_FOUND',
  url: 'file:///Users/malaviyagautam/Code/JS/Interview/product%20Management/backend/src/controllers/user.controller.js'
}

Node.js v22.14.0
[31m[nodemon] app crashed - waiting for file changes before starting...[39m
[32m[nodemon] restarting due to changes...[39m
[32m[nodemon] starting `tsx ./src/app.ts`[39m

node:internal/modules/run_main:122
    triggerUncaughtException(
    ^
Error [ERR_MODULE_NOT_FOUND]: Cannot find module '/Users/malaviyagautam/Code/JS/Interview/product Management/backend/src/controllers/user.controller.js' imported from /Users/malaviyagautam/Code/JS/Interview/product Management/backend/src/routes/uer.routes.ts
    at finalizeResolution (node:internal/modules/esm/resolve:275:11)
    at moduleResolve (node:internal/modules/esm/resolve:860:10)
    at defaultResolve (node:internal/modules/esm/resolve:984:11)
    at nextResolve (node:internal/modules/esm/hooks:748:28)
    at resolveBase (file:///Users/malaviyagautam/Code/JS/Interview/product%20Management/backend/node_modules/tsx/dist/esm/index.mjs?1757320896057:2:3744)
    at async resolveDirectory (file:///Users/malaviyagautam/Code/JS/Interview/product%20Management/backend/node_modules/tsx/dist/esm/index.mjs?1757320896057:2:4237)
    at async resolve (file:///Users/malaviyagautam/Code/JS/Interview/product%20Management/backend/node_modules/tsx/dist/esm/index.mjs?1757320896057:2:5355)
    at async nextResolve (node:internal/modules/esm/hooks:748:22)
    at async Hooks.resolve (node:internal/modules/esm/hooks:240:24)
    at async handleMessage (node:internal/modules/esm/worker:199:18) {
  code: 'ERR_MODULE_NOT_FOUND',
  url: 'file:///Users/malaviyagautam/Code/JS/Interview/product%20Management/backend/src/controllers/user.controller.js'
}

Node.js v22.14.0
[31m[nodemon] app crashed - waiting for file changes before starting...[39m
[32m[nodemon] restarting due to changes...[39m
[32m[nodemon] starting `tsx ./src/app.ts`[39m

node:internal/modules/run_main:122
    triggerUncaughtException(
    ^
Error [ERR_MODULE_NOT_FOUND]: Cannot find module '/Users/malaviyagautam/Code/JS/Interview/product Management/backend/src/controllers/user.controller.js' imported from /Users/malaviyagautam/Code/JS/Interview/product Management/backend/src/routes/uer.routes.ts
    at finalizeResolution (node:internal/modules/esm/resolve:275:11)
    at moduleResolve (node:internal/modules/esm/resolve:860:10)
    at defaultResolve (node:internal/modules/esm/resolve:984:11)
    at nextResolve (node:internal/modules/esm/hooks:748:28)
    at resolveBase (file:///Users/malaviyagautam/Code/JS/Interview/product%20Management/backend/node_modules/tsx/dist/esm/index.mjs?1757321514203:2:3744)
    at async resolveDirectory (file:///Users/malaviyagautam/Code/JS/Interview/product%20Management/backend/node_modules/tsx/dist/esm/index.mjs?1757321514203:2:4237)
    at async resolve (file:///Users/malaviyagautam/Code/JS/Interview/product%20Management/backend/node_modules/tsx/dist/esm/index.mjs?1757321514203:2:5355)
    at async nextResolve (node:internal/modules/esm/hooks:748:22)
    at async Hooks.resolve (node:internal/modules/esm/hooks:240:24)
    at async handleMessage (node:internal/modules/esm/worker:199:18) {
  code: 'ERR_MODULE_NOT_FOUND',
  url: 'file:///Users/malaviyagautam/Code/JS/Interview/product%20Management/backend/src/controllers/user.controller.js'
}

Node.js v22.14.0
[31m[nodemon] app crashed - waiting for file changes before starting...[39m
[32m[nodemon] restarting due to changes...[39m
[32m[nodemon] starting `tsx ./src/app.ts`[39m
[32m[nodemon] restarting due to changes...[39m
[32m[nodemon] starting `tsx ./src/app.ts`[39m

node:internal/modules/run_main:122
    triggerUncaughtException(
    ^
Error [ERR_MODULE_NOT_FOUND]: Cannot find module '/Users/malaviyagautam/Code/JS/Interview/product Management/backend/src/routes/uer.routes.js' imported from /Users/malaviyagautam/Code/JS/Interview/product Management/backend/src/app.ts
    at finalizeResolution (node:internal/modules/esm/resolve:275:11)
    at moduleResolve (node:internal/modules/esm/resolve:860:10)
    at defaultResolve (node:internal/modules/esm/resolve:984:11)
    at nextResolve (node:internal/modules/esm/hooks:748:28)
    at resolveBase (file:///Users/malaviyagautam/Code/JS/Interview/product%20Management/backend/node_modules/tsx/dist/esm/index.mjs?1757321539036:2:3744)
    at async resolveDirectory (file:///Users/malaviyagautam/Code/JS/Interview/product%20Management/backend/node_modules/tsx/dist/esm/index.mjs?1757321539036:2:4237)
    at async resolve (file:///Users/malaviyagautam/Code/JS/Interview/product%20Management/backend/node_modules/tsx/dist/esm/index.mjs?1757321539036:2:5355)
    at async nextResolve (node:internal/modules/esm/hooks:748:22)
    at async Hooks.resolve (node:internal/modules/esm/hooks:240:24)
    at async handleMessage (node:internal/modules/esm/worker:199:18) {
  code: 'ERR_MODULE_NOT_FOUND',
  url: 'file:///Users/malaviyagautam/Code/JS/Interview/product%20Management/backend/src/routes/uer.routes.js'
}

Node.js v22.14.0
[31m[nodemon] app crashed - waiting for file changes before starting...[39m
[32m[nodemon] restarting due to changes...[39m
[32m[nodemon] starting `tsx ./src/app.ts`[39m

node:internal/modules/run_main:122
    triggerUncaughtException(
    ^
Error [ERR_MODULE_NOT_FOUND]: Cannot find module '/Users/malaviyagautam/Code/JS/Interview/product Management/backend/src/routes/uer.routes.js' imported from /Users/malaviyagautam/Code/JS/Interview/product Management/backend/src/app.ts
    at finalizeResolution (node:internal/modules/esm/resolve:275:11)
    at moduleResolve (node:internal/modules/esm/resolve:860:10)
    at defaultResolve (node:internal/modules/esm/resolve:984:11)
    at nextResolve (node:internal/modules/esm/hooks:748:28)
    at resolveBase (file:///Users/malaviyagautam/Code/JS/Interview/product%20Management/backend/node_modules/tsx/dist/esm/index.mjs?1757321650711:2:3744)
    at async resolveDirectory (file:///Users/malaviyagautam/Code/JS/Interview/product%20Management/backend/node_modules/tsx/dist/esm/index.mjs?1757321650711:2:4237)
    at async resolve (file:///Users/malaviyagautam/Code/JS/Interview/product%20Management/backend/node_modules/tsx/dist/esm/index.mjs?1757321650711:2:5355)
    at async nextResolve (node:internal/modules/esm/hooks:748:22)
    at async Hooks.resolve (node:internal/modules/esm/hooks:240:24)
    at async handleMessage (node:internal/modules/esm/worker:199:18) {
  code: 'ERR_MODULE_NOT_FOUND',
  url: 'file:///Users/malaviyagautam/Code/JS/Interview/product%20Management/backend/src/routes/uer.routes.js'
}

Node.js v22.14.0
[31m[nodemon] app crashed - waiting for file changes before starting...[39m
[32m[nodemon] restarting due to changes...[39m
[32m[nodemon] starting `tsx ./src/app.ts`[39m
[dotenv@17.2.2] injecting env (5) from .env -- tip: 🔐 prevent building .env in docker: https://dotenvx.com/prebuild
database is connected 
server is starting on port 3000
[32m[nodemon] restarting due to changes...[39m
[32m[nodemon] starting `tsx ./src/app.ts`[39m
[dotenv@17.2.2] injecting env (5) from .env -- tip: 📡 observe env with Radar: https://dotenvx.com/radar
database is connected 
server is starting on port 3000
[32m[nodemon] restarting due to changes...[39m
[32m[nodemon] starting `tsx ./src/app.ts`[39m
[dotenv@17.2.2] injecting env (5) from .env -- tip: 🛠️  run anywhere with `dotenvx run -- yourcommand`
database is connected 
server is starting on port 3000
[32m[nodemon] restarting child process[39m
[32m[nodemon] starting `tsx ./src/app.ts`[39m
[dotenv@17.2.2] injecting env (5) from .env -- tip: 📡 auto-backup env with Radar: https://dotenvx.com/radar
database is connected 
server is starting on port 3000
[32m[nodemon] restarting due to changes...[39m
[32m[nodemon] starting `tsx ./src/app.ts`[39m
[dotenv@17.2.2] injecting env (5) from .env -- tip: ⚙️  load multiple .env files with { path: ['.env.local', '.env'] }
database is connected 
server is starting on port 3000
[32m[nodemon] restarting due to changes...[39m
[32m[nodemon] starting `tsx ./src/app.ts`[39m
[dotenv@17.2.2] injecting env (5) from .env -- tip: 🔐 prevent committing .env to code: https://dotenvx.com/precommit
database is connected 
server is starting on port 3000
[32m[nodemon] restarting due to changes...[39m
[32m[nodemon] starting `tsx ./src/app.ts`[39m
[dotenv@17.2.2] injecting env (5) from .env -- tip: ⚙️  enable debug logging with { debug: true }
database is connected 
server is starting on port 4000
[32m[nodemon] restarting due to changes...[39m
[32m[nodemon] starting `tsx ./src/app.ts`[39m
[dotenv@17.2.2] injecting env (5) from .env -- tip: 🛠️  run anywhere with `dotenvx run -- yourcommand`
database is connected 
server is starting on port 4000

No file path provided.
[32m[nodemon] restarting due to changes...[39m
[32m[nodemon] starting `tsx ./src/app.ts`[39m
[dotenv@17.2.2] injecting env (5) from .env -- tip: ⚙️  suppress all logs with { quiet: true }
database is connected 
server is starting on port 4000
[32m[nodemon] restarting due to changes...[39m
[32m[nodemon] starting `tsx ./src/app.ts`[39m
[dotenv@17.2.2] injecting env (5) from .env -- tip: 📡 auto-backup env with Radar: https://dotenvx.com/radar
database is connected 
server is starting on port 4000
[32m[nodemon] restarting due to changes...[39m
[32m[nodemon] starting `tsx ./src/app.ts`[39m
[dotenv@17.2.2] injecting env (5) from .env -- tip: ⚙️  load multiple .env files with { path: ['.env.local', '.env'] }
database is connected 
server is starting on port 4000
[32m[nodemon] restarting due to changes...[39m
[32m[nodemon] starting `tsx ./src/app.ts`[39m
[dotenv@17.2.2] injecting env (5) from .env -- tip: 🔐 prevent building .env in docker: https://dotenvx.com/prebuild
database is connected 
server is starting on port 4000
[32m[nodemon] restarting due to changes...[39m
[32m[nodemon] starting `tsx ./src/app.ts`[39m
[dotenv@17.2.2] injecting env (5) from .env -- tip: ⚙️  enable debug logging with { debug: true }
database is connected 
server is starting on port 4000
[32m[nodemon] restarting due to changes...[39m
[32m[nodemon] starting `tsx ./src/app.ts`[39m
[dotenv@17.2.2] injecting env (5) from .env -- tip: 📡 observe env with Radar: https://dotenvx.com/radar
database is connected 
server is starting on port 4000

No file path provided.
No URL provided.
[32m[nodemon] restarting due to changes...[39m
[32m[nodemon] starting `tsx ./src/app.ts`[39m
[dotenv@17.2.2] injecting env (5) from .env -- tip: ⚙️  specify custom .env file path with { path: '/custom/path/.env' }
database is connected 
server is starting on port 4000
[32m[nodemon] restarting due to changes...[39m
[32m[nodemon] starting `tsx ./src/app.ts`[39m
[dotenv@17.2.2] injecting env (5) from .env -- tip: ⚙️  override existing env vars with { override: true }
database is connected 
server is starting on port 4000
[32m[nodemon] restarting due to changes...[39m
[32m[nodemon] starting `tsx ./src/app.ts`[39m
[32m[nodemon] restarting due to changes...[39m
[32m[nodemon] starting `tsx ./src/app.ts`[39m
[dotenv@17.2.2] injecting env (5) from .env -- tip: 📡 observe env with Radar: https://dotenvx.com/radar
database is connected 
server is starting on port 4000
[32m[nodemon] restarting due to changes...[39m
[32m[nodemon] starting `tsx ./src/app.ts`[39m
[dotenv@17.2.2] injecting env (5) from .env -- tip: ⚙️  specify custom .env file path with { path: '/custom/path/.env' }
database is connected 
server is starting on port 4000
[32m[nodemon] restarting due to changes...[39m
[32m[nodemon] starting `tsx ./src/app.ts`[39m
[dotenv@17.2.2] injecting env (5) from .env -- tip: ⚙️  suppress all logs with { quiet: true }
database is connected 
server is starting on port 4000
[32m[nodemon] restarting due to changes...[39m
[32m[nodemon] starting `tsx ./src/app.ts`[39m
[dotenv@17.2.2] injecting env (5) from .env -- tip: 🛠️  run anywhere with `dotenvx run -- yourcommand`
database is connected 
server is starting on port 4000
[32m[nodemon] restarting due to changes...[39m
[32m[nodemon] starting `tsx ./src/app.ts`[39m
[dotenv@17.2.2] injecting env (5) from .env -- tip: ⚙️  write to custom object with { processEnv: myObject }
database is connected 
server is starting on port 4000
[32m[nodemon] restarting due to changes...[39m
[32m[nodemon] starting `tsx ./src/app.ts`[39m
[dotenv@17.2.2] injecting env (5) from .env -- tip: ⚙️  override existing env vars with { override: true }
database is connected 
server is starting on port 4000
[32m[nodemon] restarting due to changes...[39m
[32m[nodemon] starting `tsx ./src/app.ts`[39m
[dotenv@17.2.2] injecting env (5) from .env -- tip: 📡 version env with Radar: https://dotenvx.com/radar
database is connected 
server is starting on port 4000
[32m[nodemon] restarting due to changes...[39m
[32m[nodemon] starting `tsx ./src/app.ts`[39m
[dotenv@17.2.2] injecting env (5) from .env -- tip: ⚙️  enable debug logging with { debug: true }
database is connected 
server is starting on port 4000
[32m[nodemon] restarting due to changes...[39m
[32m[nodemon] starting `tsx ./src/app.ts`[39m
[dotenv@17.2.2] injecting env (5) from .env -- tip: 🔐 prevent building .env in docker: https://dotenvx.com/prebuild
database is connected 
server is starting on port 4000
[32m[nodemon] restarting due to changes...[39m
[32m[nodemon] starting `tsx ./src/app.ts`[39m
[dotenv@17.2.2] injecting env (5) from .env -- tip: ⚙️  write to custom object with { processEnv: myObject }
database is connected 
server is starting on port 4000
[32m[nodemon] restarting due to changes...[39m
[32m[nodemon] starting `tsx ./src/app.ts`[39m
[dotenv@17.2.2] injecting env (5) from .env -- tip: 📡 observe env with Radar: https://dotenvx.com/radar
database is connected 
server is starting on port 4000
[32m[nodemon] restarting due to changes...[39m
[32m[nodemon] starting `tsx ./src/app.ts`[39m
[dotenv@17.2.2] injecting env (5) from .env -- tip: 📡 observe env with Radar: https://dotenvx.com/radar
database is connected 
server is starting on port 4000
[32m[nodemon] restarting due to changes...[39m
[32m[nodemon] starting `tsx ./src/app.ts`[39m
[dotenv@17.2.2] injecting env (5) from .env -- tip: 🔐 encrypt with Dotenvx: https://dotenvx.com
database is connected 
server is starting on port 4000
[32m[nodemon] restarting due to changes...[39m
[32m[nodemon] starting `tsx ./src/app.ts`[39m
[dotenv@17.2.2] injecting env (5) from .env -- tip: ⚙️  override existing env vars with { override: true }
database is connected 
server is starting on port 4000
[32m[nodemon] restarting due to changes...[39m
[32m[nodemon] starting `tsx ./src/app.ts`[39m
[dotenv@17.2.2] injecting env (5) from .env -- tip: ⚙️  suppress all logs with { quiet: true }
database is connected 
server is starting on port 4000
[32m[nodemon] restarting due to changes...[39m
[32m[nodemon] starting `tsx ./src/app.ts`[39m
[dotenv@17.2.2] injecting env (5) from .env -- tip: 🛠️  run anywhere with `dotenvx run -- yourcommand`
database is connected 
server is starting on port 4000
[32m[nodemon] restarting due to changes...[39m
[32m[nodemon] starting `tsx ./src/app.ts`[39m
[dotenv@17.2.2] injecting env (5) from .env -- tip: ⚙️  specify custom .env file path with { path: '/custom/path/.env' }
database is connected 
server is starting on port 4000
[32m[nodemon] restarting due to changes...[39m
[32m[nodemon] starting `tsx ./src/app.ts`[39m
[dotenv@17.2.2] injecting env (5) from .env -- tip: 🔐 encrypt with Dotenvx: https://dotenvx.com
database is connected 
server is starting on port 4000
[32m[nodemon] restarting due to changes...[39m
[32m[nodemon] starting `tsx ./src/app.ts`[39m
[dotenv@17.2.2] injecting env (5) from .env -- tip: ⚙️  specify custom .env file path with { path: '/custom/path/.env' }
database is connected 
server is starting on port 4000
[32m[nodemon] restarting due to changes...[39m
[32m[nodemon] starting `tsx ./src/app.ts`[39m
[dotenv@17.2.2] injecting env (5) from .env -- tip: ⚙️  suppress all logs with { quiet: true }
database is connected 
server is starting on port 4000
[32m[nodemon] restarting due to changes...[39m
[32m[nodemon] starting `tsx ./src/app.ts`[39m
[dotenv@17.2.2] injecting env (5) from .env -- tip: 📡 observe env with Radar: https://dotenvx.com/radar
database is connected 
server is starting on port 4000
[32m[nodemon] restarting due to changes...[39m
[32m[nodemon] starting `tsx ./src/app.ts`[39m
[dotenv@17.2.2] injecting env (5) from .env -- tip: ⚙️  load multiple .env files with { path: ['.env.local', '.env'] }
database is connected 
server is starting on port 4000
[32m[nodemon] restarting due to changes...[39m
[32m[nodemon] starting `tsx ./src/app.ts`[39m
[dotenv@17.2.2] injecting env (5) from .env -- tip: ⚙️  specify custom .env file path with { path: '/custom/path/.env' }
database is connected 
server is starting on port 4000
[32m[nodemon] restarting due to changes...[39m
[32m[nodemon] starting `tsx ./src/app.ts`[39m
[dotenv@17.2.2] injecting env (5) from .env -- tip: 📡 observe env with Radar: https://dotenvx.com/radar
database is connected 
server is starting on port 4000
[32m[nodemon] restarting due to changes...[39m
[32m[nodemon] starting `tsx ./src/app.ts`[39m
/Users/malaviyagautam/Code/JS/Interview/product Management/backend/src/middleware/auth.middleware.ts:1
import { Request, Response, NextFunction } from 'express';
                            ^

SyntaxError: The requested module 'express' does not provide an export named 'NextFunction'
    at ModuleJob._instantiate (node:internal/modules/esm/module_job:180:21)
    at async ModuleJob.run (node:internal/modules/esm/module_job:263:5)
    at async onImport.tracePromise.__proto__ (node:internal/modules/esm/loader:578:26)
    at async asyncRunEntryPointWithESMLoader (node:internal/modules/run_main:116:5)

Node.js v22.14.0
[31m[nodemon] app crashed - waiting for file changes before starting...[39m
[32m[nodemon] restarting due to changes...[39m
[32m[nodemon] starting `tsx ./src/app.ts`[39m
[dotenv@17.2.2] injecting env (5) from .env -- tip: 📡 observe env with Radar: https://dotenvx.com/radar
database is connected 
server is starting on port 4000
[32m[nodemon] restarting due to changes...[39m
[32m[nodemon] starting `tsx ./src/app.ts`[39m
[dotenv@17.2.2] injecting env (5) from .env -- tip: 🔐 prevent committing .env to code: https://dotenvx.com/precommit
database is connected 
server is starting on port 4000
[32m[nodemon] restarting due to changes...[39m
[32m[nodemon] starting `tsx ./src/app.ts`[39m
[dotenv@17.2.2] injecting env (5) from .env -- tip: ⚙️  specify custom .env file path with { path: '/custom/path/.env' }
database is connected 
server is starting on port 4000
[32m[nodemon] restarting due to changes...[39m
[32m[nodemon] starting `tsx ./src/app.ts`[39m
[dotenv@17.2.2] injecting env (5) from .env -- tip: 🛠️  run anywhere with `dotenvx run -- yourcommand`
database is connected 
server is starting on port 4000
[32m[nodemon] restarting due to changes...[39m
[32m[nodemon] starting `tsx ./src/app.ts`[39m
[dotenv@17.2.2] injecting env (5) from .env -- tip: ⚙️  specify custom .env file path with { path: '/custom/path/.env' }
database is connected 
server is starting on port 4000
[32m[nodemon] restarting due to changes...[39m
[32m[nodemon] starting `tsx ./src/app.ts`[39m
[dotenv@17.2.2] injecting env (5) from .env -- tip: ⚙️  override existing env vars with { override: true }
database is connected 
server is starting on port 4000
Error: Password does not match
    at UserService.login (/Users/malaviyagautam/Code/JS/Interview/product Management/backend/src/services/user.service.ts:47:20)
    at async login (/Users/malaviyagautam/Code/JS/Interview/product Management/backend/src/controllers/user.controller.ts:17:20)
[32m[nodemon] restarting due to changes...[39m
[32m[nodemon] starting `tsx ./src/app.ts`[39m
[32m[nodemon] restarting due to changes...[39m
[32m[nodemon] starting `tsx ./src/app.ts`[39m
[dotenv@17.2.2] injecting env (5) from .env -- tip: ⚙️  enable debug logging with { debug: true }
database is connected 
server is starting on port 4000
[32m[nodemon] restarting due to changes...[39m
[32m[nodemon] starting `tsx ./src/app.ts`[39m
[32m[nodemon] still waiting for 1 sub-process to finish...[39m
[dotenv@17.2.2] injecting env (5) from .env -- tip: ⚙️  override existing env vars with { override: true }
database is connected 
server is starting on port 4000
[32m[nodemon] restarting due to changes...[39m
[32m[nodemon] starting `tsx ./src/app.ts`[39m
[dotenv@17.2.2] injecting env (5) from .env -- tip: ⚙️  specify custom .env file path with { path: '/custom/path/.env' }
database is connected 
server is starting on port 4000
[32m[nodemon] restarting due to changes...[39m
[32m[nodemon] starting `tsx ./src/app.ts`[39m
[dotenv@17.2.2] injecting env (5) from .env -- tip: ⚙️  suppress all logs with { quiet: true }
database is connected 
server is starting on port 4000
[32m[nodemon] restarting due to changes...[39m
[32m[nodemon] starting `tsx ./src/app.ts`[39m
[dotenv@17.2.2] injecting env (5) from .env -- tip: 🔐 prevent committing .env to code: https://dotenvx.com/precommit
database is connected 
server is starting on port 4000
[32m[nodemon] restarting due to changes...[39m
[32m[nodemon] starting `tsx ./src/app.ts`[39m
[dotenv@17.2.2] injecting env (5) from .env -- tip: 🔐 prevent building .env in docker: https://dotenvx.com/prebuild
database is connected 
server is starting on port 4000
[32m[nodemon] restarting due to changes...[39m
[32m[nodemon] starting `tsx ./src/app.ts`[39m
[dotenv@17.2.2] injecting env (5) from .env -- tip: ⚙️  suppress all logs with { quiet: true }
database is connected 
server is starting on port 4000
files {
  fieldname: 'productimage',
  originalname: 'IMG_8221.JPG',
  encoding: '7bit',
  mimetype: 'image/jpeg',
  destination: './public/uploads',
  filename: 'productimage-1757457487017-873962441.JPG',
  path: 'public/uploads/productimage-1757457487017-873962441.JPG',
  size: 282704
}
public/uploads/productimage-1757457487017-873962441.JPG
File uploaded to Cloudinary: http://res.cloudinary.com/dcvx4tnwp/image/upload/v1757457489/ntz4cnqrgevzyspbrvrl.jpg
No URL provided.

No file path provided.
[32m[nodemon] restarting due to changes...[39m
[32m[nodemon] starting `tsx ./src/app.ts`[39m
[dotenv@17.2.2] injecting env (5) from .env -- tip: ⚙️  load multiple .env files with { path: ['.env.local', '.env'] }
database is connected 
server is starting on port 4000
[32m[nodemon] restarting due to changes...[39m
[32m[nodemon] starting `tsx ./src/app.ts`[39m
[dotenv@17.2.2] injecting env (5) from .env -- tip: 📡 observe env with Radar: https://dotenvx.com/radar
database is connected 
server is starting on port 4000
[32m[nodemon] restarting due to changes...[39m
[32m[nodemon] starting `tsx ./src/app.ts`[39m
[dotenv@17.2.2] injecting env (5) from .env -- tip: ⚙️  specify custom .env file path with { path: '/custom/path/.env' }
database is connected 
server is starting on port 4000
[32m[nodemon] restarting due to changes...[39m
[32m[nodemon] starting `tsx ./src/app.ts`[39m
[dotenv@17.2.2] injecting env (5) from .env -- tip: 🔐 prevent committing .env to code: https://dotenvx.com/precommit
database is connected 
server is starting on port 4000
[32m[nodemon] restarting due to changes...[39m
[32m[nodemon] starting `tsx ./src/app.ts`[39m
[dotenv@17.2.2] injecting env (5) from .env -- tip: 📡 version env with Radar: https://dotenvx.com/radar
database is connected 
server is starting on port 4000
[32m[nodemon] restarting due to changes...[39m
[32m[nodemon] starting `tsx ./src/app.ts`[39m
[dotenv@17.2.2] injecting env (5) from .env -- tip: ⚙️  enable debug logging with { debug: true }
database is connected 
server is starting on port 4000
[32m[nodemon] restarting due to changes...[39m
[32m[nodemon] starting `tsx ./src/app.ts`[39m
[dotenv@17.2.2] injecting env (5) from .env -- tip: ⚙️  suppress all logs with { quiet: true }
database is connected 
server is starting on port 4000
[32m[nodemon] restarting due to changes...[39m
[32m[nodemon] starting `tsx ./src/app.ts`[39m
[dotenv@17.2.2] injecting env (5) from .env -- tip: ⚙️  write to custom object with { processEnv: myObject }
database is connected 
server is starting on port 4000
[32m[nodemon] restarting due to changes...[39m
[32m[nodemon] starting `tsx ./src/app.ts`[39m
[dotenv@17.2.2] injecting env (5) from .env -- tip: 🔐 encrypt with Dotenvx: https://dotenvx.com
database is connected 
server is starting on port 4000
[32m[nodemon] restarting due to changes...[39m
[32m[nodemon] starting `tsx ./src/app.ts`[39m
[dotenv@17.2.2] injecting env (5) from .env -- tip: 📡 auto-backup env with Radar: https://dotenvx.com/radar
database is connected 
server is starting on port 4000
[32m[nodemon] restarting due to changes...[39m
[32m[nodemon] starting `tsx ./src/app.ts`[39m
[dotenv@17.2.2] injecting env (5) from .env -- tip: ⚙️  specify custom .env file path with { path: '/custom/path/.env' }
database is connected 
server is starting on port 4000
[32m[nodemon] restarting due to changes...[39m
[32m[nodemon] starting `tsx ./src/app.ts`[39m
[dotenv@17.2.2] injecting env (5) from .env -- tip: ⚙️  specify custom .env file path with { path: '/custom/path/.env' }
database is connected 
server is starting on port 4000
[32m[nodemon] restarting due to changes...[39m
[32m[nodemon] starting `tsx ./src/app.ts`[39m
[dotenv@17.2.2] injecting env (5) from .env -- tip: ⚙️  enable debug logging with { debug: true }
database is connected 
server is starting on port 4000
[32m[nodemon] restarting due to changes...[39m
[32m[nodemon] starting `tsx ./src/app.ts`[39m
[dotenv@17.2.2] injecting env (5) from .env -- tip: ⚙️  load multiple .env files with { path: ['.env.local', '.env'] }
database is connected 
server is starting on port 4000
[32m[nodemon] restarting due to changes...[39m
[32m[nodemon] starting `tsx ./src/app.ts`[39m
[dotenv@17.2.2] injecting env (5) from .env -- tip: 🛠️  run anywhere with `dotenvx run -- yourcommand`
database is connected 
server is starting on port 4000
[32m[nodemon] restarting due to changes...[39m
[32m[nodemon] starting `tsx ./src/app.ts`[39m
[dotenv@17.2.2] injecting env (5) from .env -- tip: ⚙️  write to custom object with { processEnv: myObject }
database is connected 
server is starting on port 4000
[32m[nodemon] restarting due to changes...[39m
[32m[nodemon] starting `tsx ./src/app.ts`[39m
[dotenv@17.2.2] injecting env (5) from .env -- tip: 📡 version env with Radar: https://dotenvx.com/radar
database is connected 
server is starting on port 4000
[32m[nodemon] restarting due to changes...[39m
[32m[nodemon] starting `tsx ./src/app.ts`[39m
[dotenv@17.2.2] injecting env (5) from .env -- tip: 🛠️  run anywhere with `dotenvx run -- yourcommand`
database is connected 
server is starting on port 4000
[32m[nodemon] restarting due to changes...[39m
[32m[nodemon] starting `tsx ./src/app.ts`[39m
[dotenv@17.2.2] injecting env (5) from .env -- tip: 🔐 prevent building .env in docker: https://dotenvx.com/prebuild
database is connected 
server is starting on port 4000
[32m[nodemon] restarting due to changes...[39m
[32m[nodemon] starting `tsx ./src/app.ts`[39m
[dotenv@17.2.2] injecting env (5) from .env -- tip: ⚙️  load multiple .env files with { path: ['.env.local', '.env'] }
database is connected 
server is starting on port 4000
[32m[nodemon] restarting due to changes...[39m
[32m[nodemon] starting `tsx ./src/app.ts`[39m
[dotenv@17.2.2] injecting env (5) from .env -- tip: 📡 version env with Radar: https://dotenvx.com/radar
database is connected 
server is starting on port 4000
[32m[nodemon] restarting due to changes...[39m
[32m[nodemon] starting `tsx ./src/app.ts`[39m

node:internal/modules/run_main:122
    triggerUncaughtException(
    ^
Error [TransformError]: Transform failed with 1 error:
/Users/malaviyagautam/Code/JS/Interview/product Management/backend/src/services/cart.service.ts:32:17: ERROR: Expected ";" but found ":"
    at failureErrorWithLog (/Users/malaviyagautam/Code/JS/Interview/product Management/backend/node_modules/esbuild/lib/main.js:1467:15)
    at /Users/malaviyagautam/Code/JS/Interview/product Management/backend/node_modules/esbuild/lib/main.js:736:50
    at responseCallbacks.<computed> (/Users/malaviyagautam/Code/JS/Interview/product Management/backend/node_modules/esbuild/lib/main.js:603:9)
    at handleIncomingPacket (/Users/malaviyagautam/Code/JS/Interview/product Management/backend/node_modules/esbuild/lib/main.js:658:12)
    at Socket.readFromStdout (/Users/malaviyagautam/Code/JS/Interview/product Management/backend/node_modules/esbuild/lib/main.js:581:7)
    at Socket.emit (node:events:518:28)
    at addChunk (node:internal/streams/readable:561:12)
    at readableAddChunkPushByteMode (node:internal/streams/readable:512:3)
    at Readable.push (node:internal/streams/readable:392:5)
    at Pipe.onStreamRead (node:internal/stream_base_commons:189:23)

Node.js v22.14.0
[31m[nodemon] app crashed - waiting for file changes before starting...[39m
[32m[nodemon] restarting due to changes...[39m
[32m[nodemon] starting `tsx ./src/app.ts`[39m

node:internal/modules/run_main:122
    triggerUncaughtException(
    ^
Error [TransformError]: Transform failed with 1 error:
/Users/malaviyagautam/Code/JS/Interview/product Management/backend/src/services/cart.service.ts:32:17: ERROR: Expected ";" but found ":"
    at failureErrorWithLog (/Users/malaviyagautam/Code/JS/Interview/product Management/backend/node_modules/esbuild/lib/main.js:1467:15)
    at /Users/malaviyagautam/Code/JS/Interview/product Management/backend/node_modules/esbuild/lib/main.js:736:50
    at responseCallbacks.<computed> (/Users/malaviyagautam/Code/JS/Interview/product Management/backend/node_modules/esbuild/lib/main.js:603:9)
    at handleIncomingPacket (/Users/malaviyagautam/Code/JS/Interview/product Management/backend/node_modules/esbuild/lib/main.js:658:12)
    at Socket.readFromStdout (/Users/malaviyagautam/Code/JS/Interview/product Management/backend/node_modules/esbuild/lib/main.js:581:7)
    at Socket.emit (node:events:518:28)
    at addChunk (node:internal/streams/readable:561:12)
    at readableAddChunkPushByteMode (node:internal/streams/readable:512:3)
    at Readable.push (node:internal/streams/readable:392:5)
    at Pipe.onStreamRead (node:internal/stream_base_commons:189:23)

Node.js v22.14.0
[31m[nodemon] app crashed - waiting for file changes before starting...[39m
[32m[nodemon] restarting due to changes...[39m
[32m[nodemon] starting `tsx ./src/app.ts`[39m
/Users/malaviyagautam/Code/JS/Interview/product Management/backend/src/services/cart.service.ts:2
import { Cart, ICartDocument } from '../models/cart.model.js';
               ^

SyntaxError: The requested module '../models/cart.model.js' does not provide an export named 'ICartDocument'
    at ModuleJob._instantiate (node:internal/modules/esm/module_job:180:21)
    at async ModuleJob.run (node:internal/modules/esm/module_job:263:5)
    at async onImport.tracePromise.__proto__ (node:internal/modules/esm/loader:578:26)
    at async asyncRunEntryPointWithESMLoader (node:internal/modules/run_main:116:5)

Node.js v22.14.0
[31m[nodemon] app crashed - waiting for file changes before starting...[39m
[32m[nodemon] restarting due to changes...[39m
[32m[nodemon] starting `tsx ./src/app.ts`[39m
/Users/malaviyagautam/Code/JS/Interview/product Management/backend/src/services/cart.service.ts:2
import { Cart, ICart } from '../models/cart.model.js';
               ^

SyntaxError: The requested module '../models/cart.model.js' does not provide an export named 'ICart'
    at ModuleJob._instantiate (node:internal/modules/esm/module_job:180:21)
    at async ModuleJob.run (node:internal/modules/esm/module_job:263:5)
    at async onImport.tracePromise.__proto__ (node:internal/modules/esm/loader:578:26)
    at async asyncRunEntryPointWithESMLoader (node:internal/modules/run_main:116:5)

Node.js v22.14.0
[31m[nodemon] app crashed - waiting for file changes before starting...[39m
[32m[nodemon] restarting due to changes...[39m
[32m[nodemon] starting `tsx ./src/app.ts`[39m
[dotenv@17.2.2] injecting env (5) from .env -- tip: 📡 observe env with Radar: https://dotenvx.com/radar
database is connected 
server is starting on port 4000
[32m[nodemon] restarting due to changes...[39m
[32m[nodemon] starting `tsx ./src/app.ts`[39m
[dotenv@17.2.2] injecting env (5) from .env -- tip: 📡 observe env with Radar: https://dotenvx.com/radar
database is connected 
server is starting on port 4000
[32m[nodemon] restarting due to changes...[39m
[32m[nodemon] starting `tsx ./src/app.ts`[39m
[32m[nodemon] restarting due to changes...[39m
[32m[nodemon] starting `tsx ./src/app.ts`[39m
[32m[nodemon] still waiting for 1 sub-process to finish...[39m
[dotenv@17.2.2] injecting env (5) from .env -- tip: 📡 auto-backup env with Radar: https://dotenvx.com/radar
database is connected 
server is starting on port 4000
[32m[nodemon] restarting due to changes...[39m
[32m[nodemon] starting `tsx ./src/app.ts`[39m

node:internal/modules/run_main:122
    triggerUncaughtException(
    ^
Error [TransformError]: Transform failed with 1 error:
/Users/malaviyagautam/Code/JS/Interview/product Management/backend/src/controllers/cart.controller.ts:185:1: ERROR: Expected "finally" but found ";"
    at failureErrorWithLog (/Users/malaviyagautam/Code/JS/Interview/product Management/backend/node_modules/esbuild/lib/main.js:1467:15)
    at /Users/malaviyagautam/Code/JS/Interview/product Management/backend/node_modules/esbuild/lib/main.js:736:50
    at responseCallbacks.<computed> (/Users/malaviyagautam/Code/JS/Interview/product Management/backend/node_modules/esbuild/lib/main.js:603:9)
    at handleIncomingPacket (/Users/malaviyagautam/Code/JS/Interview/product Management/backend/node_modules/esbuild/lib/main.js:658:12)
    at Socket.readFromStdout (/Users/malaviyagautam/Code/JS/Interview/product Management/backend/node_modules/esbuild/lib/main.js:581:7)
    at Socket.emit (node:events:518:28)
    at addChunk (node:internal/streams/readable:561:12)
    at readableAddChunkPushByteMode (node:internal/streams/readable:512:3)
    at Readable.push (node:internal/streams/readable:392:5)
    at Pipe.onStreamRead (node:internal/stream_base_commons:189:23)

Node.js v22.14.0
[31m[nodemon] app crashed - waiting for file changes before starting...[39m
[32m[nodemon] restarting due to changes...[39m
[32m[nodemon] starting `tsx ./src/app.ts`[39m
[dotenv@17.2.2] injecting env (5) from .env -- tip: 📡 auto-backup env with Radar: https://dotenvx.com/radar
database is connected 
server is starting on port 4000
[32m[nodemon] restarting due to changes...[39m
[32m[nodemon] starting `tsx ./src/app.ts`[39m
[dotenv@17.2.2] injecting env (5) from .env -- tip: ⚙️  write to custom object with { processEnv: myObject }
database is connected 
server is starting on port 4000
[32m[nodemon] restarting due to changes...[39m
[32m[nodemon] starting `tsx ./src/app.ts`[39m

node:internal/modules/run_main:122
    triggerUncaughtException(
    ^
Error [TransformError]: Transform failed with 2 errors:
/Users/malaviyagautam/Code/JS/Interview/product Management/backend/src/services/cart.service.ts:155:10: ERROR: The symbol "cart" has already been declared
/Users/malaviyagautam/Code/JS/Interview/product Management/backend/src/services/cart.service.ts:187:2: ERROR: Expected "finally" but found "async"
    at failureErrorWithLog (/Users/malaviyagautam/Code/JS/Interview/product Management/backend/node_modules/esbuild/lib/main.js:1467:15)
    at /Users/malaviyagautam/Code/JS/Interview/product Management/backend/node_modules/esbuild/lib/main.js:736:50
    at responseCallbacks.<computed> (/Users/malaviyagautam/Code/JS/Interview/product Management/backend/node_modules/esbuild/lib/main.js:603:9)
    at handleIncomingPacket (/Users/malaviyagautam/Code/JS/Interview/product Management/backend/node_modules/esbuild/lib/main.js:658:12)
    at Socket.readFromStdout (/Users/malaviyagautam/Code/JS/Interview/product Management/backend/node_modules/esbuild/lib/main.js:581:7)
    at Socket.emit (node:events:518:28)
    at addChunk (node:internal/streams/readable:561:12)
    at readableAddChunkPushByteMode (node:internal/streams/readable:512:3)
    at Readable.push (node:internal/streams/readable:392:5)
    at Pipe.onStreamRead (node:internal/stream_base_commons:189:23)

Node.js v22.14.0
[31m[nodemon] app crashed - waiting for file changes before starting...[39m
[32m[nodemon] restarting due to changes...[39m
[32m[nodemon] starting `tsx ./src/app.ts`[39m

node:internal/modules/run_main:122
    triggerUncaughtException(
    ^
Error [TransformError]: Transform failed with 2 errors:
/Users/malaviyagautam/Code/JS/Interview/product Management/backend/src/services/cart.service.ts:155:10: ERROR: The symbol "cart" has already been declared
/Users/malaviyagautam/Code/JS/Interview/product Management/backend/src/services/cart.service.ts:187:2: ERROR: Expected "finally" but found "async"
    at failureErrorWithLog (/Users/malaviyagautam/Code/JS/Interview/product Management/backend/node_modules/esbuild/lib/main.js:1467:15)
    at /Users/malaviyagautam/Code/JS/Interview/product Management/backend/node_modules/esbuild/lib/main.js:736:50
    at responseCallbacks.<computed> (/Users/malaviyagautam/Code/JS/Interview/product Management/backend/node_modules/esbuild/lib/main.js:603:9)
    at handleIncomingPacket (/Users/malaviyagautam/Code/JS/Interview/product Management/backend/node_modules/esbuild/lib/main.js:658:12)
    at Socket.readFromStdout (/Users/malaviyagautam/Code/JS/Interview/product Management/backend/node_modules/esbuild/lib/main.js:581:7)
    at Socket.emit (node:events:518:28)
    at addChunk (node:internal/streams/readable:561:12)
    at readableAddChunkPushByteMode (node:internal/streams/readable:512:3)
    at Readable.push (node:internal/streams/readable:392:5)
    at Pipe.onStreamRead (node:internal/stream_base_commons:189:23)

Node.js v22.14.0
[31m[nodemon] app crashed - waiting for file changes before starting...[39m
[32m[nodemon] restarting due to changes...[39m
[32m[nodemon] starting `tsx ./src/app.ts`[39m

node:internal/modules/run_main:122
    triggerUncaughtException(
    ^
Error [TransformError]: Transform failed with 6 errors:
/Users/malaviyagautam/Code/JS/Interview/product Management/backend/src/services/cart.service.ts:63:2: ERROR: Classes cannot contain more than one constructor
/Users/malaviyagautam/Code/JS/Interview/product Management/backend/src/services/cart.service.ts:146:10: ERROR: The symbol "product" has already been declared
/Users/malaviyagautam/Code/JS/Interview/product Management/backend/src/services/cart.service.ts:156:8: ERROR: The symbol "cart" has already been declared
/Users/malaviyagautam/Code/JS/Interview/product Management/backend/src/services/cart.service.ts:168:10: ERROR: The symbol "existingItemIndex" has already been declared
/Users/malaviyagautam/Code/JS/Interview/product Management/backend/src/services/cart.service.ts:223:10: ERROR: The symbol "cart" has already been declared
...
    at failureErrorWithLog (/Users/malaviyagautam/Code/JS/Interview/product Management/backend/node_modules/esbuild/lib/main.js:1467:15)
    at /Users/malaviyagautam/Code/JS/Interview/product Management/backend/node_modules/esbuild/lib/main.js:736:50
    at responseCallbacks.<computed> (/Users/malaviyagautam/Code/JS/Interview/product Management/backend/node_modules/esbuild/lib/main.js:603:9)
    at handleIncomingPacket (/Users/malaviyagautam/Code/JS/Interview/product Management/backend/node_modules/esbuild/lib/main.js:658:12)
    at Socket.readFromStdout (/Users/malaviyagautam/Code/JS/Interview/product Management/backend/node_modules/esbuild/lib/main.js:581:7)
    at Socket.emit (node:events:518:28)
    at addChunk (node:internal/streams/readable:561:12)
    at readableAddChunkPushByteMode (node:internal/streams/readable:512:3)
    at Readable.push (node:internal/streams/readable:392:5)
    at Pipe.onStreamRead (node:internal/stream_base_commons:189:23)

Node.js v22.14.0
[31m[nodemon] app crashed - waiting for file changes before starting...[39m
[32m[nodemon] restarting due to changes...[39m
[32m[nodemon] starting `tsx ./src/app.ts`[39m

node:internal/modules/run_main:122
    triggerUncaughtException(
    ^
Error [TransformError]: Transform failed with 5 errors:
/Users/malaviyagautam/Code/JS/Interview/product Management/backend/src/services/cart.service.ts:142:10: ERROR: The symbol "product" has already been declared
/Users/malaviyagautam/Code/JS/Interview/product Management/backend/src/services/cart.service.ts:152:8: ERROR: The symbol "cart" has already been declared
/Users/malaviyagautam/Code/JS/Interview/product Management/backend/src/services/cart.service.ts:164:10: ERROR: The symbol "existingItemIndex" has already been declared
/Users/malaviyagautam/Code/JS/Interview/product Management/backend/src/services/cart.service.ts:219:10: ERROR: The symbol "cart" has already been declared
/Users/malaviyagautam/Code/JS/Interview/product Management/backend/src/services/cart.service.ts:251:2: ERROR: Expected "finally" but found "async"
    at failureErrorWithLog (/Users/malaviyagautam/Code/JS/Interview/product Management/backend/node_modules/esbuild/lib/main.js:1467:15)
    at /Users/malaviyagautam/Code/JS/Interview/product Management/backend/node_modules/esbuild/lib/main.js:736:50
    at responseCallbacks.<computed> (/Users/malaviyagautam/Code/JS/Interview/product Management/backend/node_modules/esbuild/lib/main.js:603:9)
    at handleIncomingPacket (/Users/malaviyagautam/Code/JS/Interview/product Management/backend/node_modules/esbuild/lib/main.js:658:12)
    at Socket.readFromStdout (/Users/malaviyagautam/Code/JS/Interview/product Management/backend/node_modules/esbuild/lib/main.js:581:7)
    at Socket.emit (node:events:518:28)
    at addChunk (node:internal/streams/readable:561:12)
    at readableAddChunkPushByteMode (node:internal/streams/readable:512:3)
    at Readable.push (node:internal/streams/readable:392:5)
    at Pipe.onStreamRead (node:internal/stream_base_commons:189:23)

Node.js v22.14.0
[31m[nodemon] app crashed - waiting for file changes before starting...[39m
[32m[nodemon] restarting due to changes...[39m
[32m[nodemon] starting `tsx ./src/app.ts`[39m

node:internal/modules/run_main:122
    triggerUncaughtException(
    ^
Error [TransformError]: Transform failed with 1 error:
/Users/malaviyagautam/Code/JS/Interview/product Management/backend/src/services/cart.service.ts:258:6: ERROR: Expected ";" but found "."
    at failureErrorWithLog (/Users/malaviyagautam/Code/JS/Interview/product Management/backend/node_modules/esbuild/lib/main.js:1467:15)
    at /Users/malaviyagautam/Code/JS/Interview/product Management/backend/node_modules/esbuild/lib/main.js:736:50
    at responseCallbacks.<computed> (/Users/malaviyagautam/Code/JS/Interview/product Management/backend/node_modules/esbuild/lib/main.js:603:9)
    at handleIncomingPacket (/Users/malaviyagautam/Code/JS/Interview/product Management/backend/node_modules/esbuild/lib/main.js:658:12)
    at Socket.readFromStdout (/Users/malaviyagautam/Code/JS/Interview/product Management/backend/node_modules/esbuild/lib/main.js:581:7)
    at Socket.emit (node:events:518:28)
    at addChunk (node:internal/streams/readable:561:12)
    at readableAddChunkPushByteMode (node:internal/streams/readable:512:3)
    at Readable.push (node:internal/streams/readable:392:5)
    at Pipe.onStreamRead (node:internal/stream_base_commons:189:23)

Node.js v22.14.0
[31m[nodemon] app crashed - waiting for file changes before starting...[39m
[32m[nodemon] restarting due to changes...[39m
[32m[nodemon] starting `tsx ./src/app.ts`[39m

node:internal/modules/run_main:122
    triggerUncaughtException(
    ^
Error [TransformError]: Transform failed with 1 error:
/Users/malaviyagautam/Code/JS/Interview/product Management/backend/src/services/cart.service.ts:256:6: ERROR: Expected ";" but found "."
    at failureErrorWithLog (/Users/malaviyagautam/Code/JS/Interview/product Management/backend/node_modules/esbuild/lib/main.js:1467:15)
    at /Users/malaviyagautam/Code/JS/Interview/product Management/backend/node_modules/esbuild/lib/main.js:736:50
    at responseCallbacks.<computed> (/Users/malaviyagautam/Code/JS/Interview/product Management/backend/node_modules/esbuild/lib/main.js:603:9)
    at handleIncomingPacket (/Users/malaviyagautam/Code/JS/Interview/product Management/backend/node_modules/esbuild/lib/main.js:658:12)
    at Socket.readFromStdout (/Users/malaviyagautam/Code/JS/Interview/product Management/backend/node_modules/esbuild/lib/main.js:581:7)
    at Socket.emit (node:events:518:28)
    at addChunk (node:internal/streams/readable:561:12)
    at readableAddChunkPushByteMode (node:internal/streams/readable:512:3)
    at Readable.push (node:internal/streams/readable:392:5)
    at Pipe.onStreamRead (node:internal/stream_base_commons:189:23)

Node.js v22.14.0
[31m[nodemon] app crashed - waiting for file changes before starting...[39m
[32m[nodemon] restarting due to changes...[39m
[32m[nodemon] starting `tsx ./src/app.ts`[39m

node:internal/modules/run_main:122
    triggerUncaughtException(
    ^
Error [TransformError]: Transform failed with 1 error:
/Users/malaviyagautam/Code/JS/Interview/product Management/backend/src/services/cart.service.ts:187:10: ERROR: Expected ";" but found "cart"
    at failureErrorWithLog (/Users/malaviyagautam/Code/JS/Interview/product Management/backend/node_modules/esbuild/lib/main.js:1467:15)
    at /Users/malaviyagautam/Code/JS/Interview/product Management/backend/node_modules/esbuild/lib/main.js:736:50
    at responseCallbacks.<computed> (/Users/malaviyagautam/Code/JS/Interview/product Management/backend/node_modules/esbuild/lib/main.js:603:9)
    at handleIncomingPacket (/Users/malaviyagautam/Code/JS/Interview/product Management/backend/node_modules/esbuild/lib/main.js:658:12)
    at Socket.readFromStdout (/Users/malaviyagautam/Code/JS/Interview/product Management/backend/node_modules/esbuild/lib/main.js:581:7)
    at Socket.emit (node:events:518:28)
    at addChunk (node:internal/streams/readable:561:12)
    at readableAddChunkPushByteMode (node:internal/streams/readable:512:3)
    at Readable.push (node:internal/streams/readable:392:5)
    at Pipe.onStreamRead (node:internal/stream_base_commons:189:23)

Node.js v22.14.0
[31m[nodemon] app crashed - waiting for file changes before starting...[39m
[32m[nodemon] restarting due to changes...[39m
[32m[nodemon] starting `tsx ./src/app.ts`[39m

node:internal/modules/run_main:122
    triggerUncaughtException(
    ^
Error [TransformError]: Transform failed with 1 error:
/Users/malaviyagautam/Code/JS/Interview/product Management/backend/src/services/cart.service.ts:187:10: ERROR: Expected ";" but found "cart"
    at failureErrorWithLog (/Users/malaviyagautam/Code/JS/Interview/product Management/backend/node_modules/esbuild/lib/main.js:1467:15)
    at /Users/malaviyagautam/Code/JS/Interview/product Management/backend/node_modules/esbuild/lib/main.js:736:50
    at responseCallbacks.<computed> (/Users/malaviyagautam/Code/JS/Interview/product Management/backend/node_modules/esbuild/lib/main.js:603:9)
    at handleIncomingPacket (/Users/malaviyagautam/Code/JS/Interview/product Management/backend/node_modules/esbuild/lib/main.js:658:12)
    at Socket.readFromStdout (/Users/malaviyagautam/Code/JS/Interview/product Management/backend/node_modules/esbuild/lib/main.js:581:7)
    at Socket.emit (node:events:518:28)
    at addChunk (node:internal/streams/readable:561:12)
    at readableAddChunkPushByteMode (node:internal/streams/readable:512:3)
    at Readable.push (node:internal/streams/readable:392:5)
    at Pipe.onStreamRead (node:internal/stream_base_commons:189:23)

Node.js v22.14.0
[31m[nodemon] app crashed - waiting for file changes before starting...[39m
[32m[nodemon] restarting due to changes...[39m
[32m[nodemon] starting `tsx ./src/app.ts`[39m

node:internal/modules/run_main:122
    triggerUncaughtException(
    ^
Error [TransformError]: Transform failed with 1 error:
/Users/malaviyagautam/Code/JS/Interview/product Management/backend/src/services/cart.service.ts:265:16: ERROR: Expected ";" but found ":"
    at failureErrorWithLog (/Users/malaviyagautam/Code/JS/Interview/product Management/backend/node_modules/esbuild/lib/main.js:1467:15)
    at /Users/malaviyagautam/Code/JS/Interview/product Management/backend/node_modules/esbuild/lib/main.js:736:50
    at responseCallbacks.<computed> (/Users/malaviyagautam/Code/JS/Interview/product Management/backend/node_modules/esbuild/lib/main.js:603:9)
    at handleIncomingPacket (/Users/malaviyagautam/Code/JS/Interview/product Management/backend/node_modules/esbuild/lib/main.js:658:12)
    at Socket.readFromStdout (/Users/malaviyagautam/Code/JS/Interview/product Management/backend/node_modules/esbuild/lib/main.js:581:7)
    at Socket.emit (node:events:518:28)
    at addChunk (node:internal/streams/readable:561:12)
    at readableAddChunkPushByteMode (node:internal/streams/readable:512:3)
    at Readable.push (node:internal/streams/readable:392:5)
    at Pipe.onStreamRead (node:internal/stream_base_commons:189:23)

Node.js v22.14.0
[31m[nodemon] app crashed - waiting for file changes before starting...[39m
[32m[nodemon] restarting due to changes...[39m
[32m[nodemon] starting `tsx ./src/app.ts`[39m
(node:62247) MaxListenersExceededWarning: Possible EventEmitter memory leak detected. 11 exit listeners added to [Bus]. MaxListeners is 10. Use emitter.setMaxListeners() to increase limit
(Use `node --trace-warnings ...` to show where the warning was created)

node:internal/modules/run_main:122
    triggerUncaughtException(
    ^
Error [TransformError]: Transform failed with 1 error:
/Users/malaviyagautam/Code/JS/Interview/product Management/backend/src/services/cart.service.ts:285:0: ERROR: Unexpected "}"
    at failureErrorWithLog (/Users/malaviyagautam/Code/JS/Interview/product Management/backend/node_modules/esbuild/lib/main.js:1467:15)
    at /Users/malaviyagautam/Code/JS/Interview/product Management/backend/node_modules/esbuild/lib/main.js:736:50
    at responseCallbacks.<computed> (/Users/malaviyagautam/Code/JS/Interview/product Management/backend/node_modules/esbuild/lib/main.js:603:9)
    at handleIncomingPacket (/Users/malaviyagautam/Code/JS/Interview/product Management/backend/node_modules/esbuild/lib/main.js:658:12)
    at Socket.readFromStdout (/Users/malaviyagautam/Code/JS/Interview/product Management/backend/node_modules/esbuild/lib/main.js:581:7)
    at Socket.emit (node:events:518:28)
    at addChunk (node:internal/streams/readable:561:12)
    at readableAddChunkPushByteMode (node:internal/streams/readable:512:3)
    at Readable.push (node:internal/streams/readable:392:5)
    at Pipe.onStreamRead (node:internal/stream_base_commons:189:23)

Node.js v22.14.0
[31m[nodemon] app crashed - waiting for file changes before starting...[39m
[32m[nodemon] restarting due to changes...[39m
[32m[nodemon] starting `tsx ./src/app.ts`[39m

node:internal/modules/run_main:122
    triggerUncaughtException(
    ^
Error [TransformError]: Transform failed with 1 error:
/Users/malaviyagautam/Code/JS/Interview/product Management/backend/src/services/cart.service.ts:284:0: ERROR: Unexpected "}"
    at failureErrorWithLog (/Users/malaviyagautam/Code/JS/Interview/product Management/backend/node_modules/esbuild/lib/main.js:1467:15)
    at /Users/malaviyagautam/Code/JS/Interview/product Management/backend/node_modules/esbuild/lib/main.js:736:50
    at responseCallbacks.<computed> (/Users/malaviyagautam/Code/JS/Interview/product Management/backend/node_modules/esbuild/lib/main.js:603:9)
    at handleIncomingPacket (/Users/malaviyagautam/Code/JS/Interview/product Management/backend/node_modules/esbuild/lib/main.js:658:12)
    at Socket.readFromStdout (/Users/malaviyagautam/Code/JS/Interview/product Management/backend/node_modules/esbuild/lib/main.js:581:7)
    at Socket.emit (node:events:518:28)
    at addChunk (node:internal/streams/readable:561:12)
    at readableAddChunkPushByteMode (node:internal/streams/readable:512:3)
    at Readable.push (node:internal/streams/readable:392:5)
    at Pipe.onStreamRead (node:internal/stream_base_commons:189:23)

Node.js v22.14.0
[31m[nodemon] app crashed - waiting for file changes before starting...[39m
[32m[nodemon] restarting due to changes...[39m
[32m[nodemon] starting `tsx ./src/app.ts`[39m
[dotenv@17.2.2] injecting env (5) from .env -- tip: 🔐 prevent building .env in docker: https://dotenvx.com/prebuild
database is connected 
server is starting on port 4000
[32m[nodemon] restarting due to changes...[39m
[32m[nodemon] starting `tsx ./src/app.ts`[39m
[dotenv@17.2.2] injecting env (5) from .env -- tip: 📡 version env with Radar: https://dotenvx.com/radar
database is connected 
server is starting on port 4000
[32m[nodemon] restarting due to changes...[39m
[32m[nodemon] starting `tsx ./src/app.ts`[39m
[dotenv@17.2.2] injecting env (5) from .env -- tip: 🔐 prevent committing .env to code: https://dotenvx.com/precommit
database is connected 
server is starting on port 4000
[32m[nodemon] restarting due to changes...[39m
[32m[nodemon] starting `tsx ./src/app.ts`[39m
[dotenv@17.2.2] injecting env (5) from .env -- tip: 🛠️  run anywhere with `dotenvx run -- yourcommand`
database is connected 
server is starting on port 4000
[32m[nodemon] restarting due to changes...[39m
[32m[nodemon] starting `tsx ./src/app.ts`[39m
[dotenv@17.2.2] injecting env (5) from .env -- tip: 🔐 prevent building .env in docker: https://dotenvx.com/prebuild
database is connected 
server is starting on port 4000
[32m[nodemon] restarting due to changes...[39m
[32m[nodemon] starting `tsx ./src/app.ts`[39m
[32m[nodemon] still waiting for 1 sub-process to finish...[39m
[dotenv@17.2.2] injecting env (5) from .env -- tip: ⚙️  write to custom object with { processEnv: myObject }
database is connected 
server is starting on port 4000
[32m[nodemon] restarting due to changes...[39m
[32m[nodemon] starting `tsx ./src/app.ts`[39m
[dotenv@17.2.2] injecting env (5) from .env -- tip: 📡 version env with Radar: https://dotenvx.com/radar
database is connected 
server is starting on port 4000
[32m[nodemon] restarting due to changes...[39m
[32m[nodemon] starting `tsx ./src/app.ts`[39m
[dotenv@17.2.2] injecting env (5) from .env -- tip: 🔐 prevent committing .env to code: https://dotenvx.com/precommit
database is connected 
server is starting on port 4000
[32m[nodemon] restarting due to changes...[39m
[32m[nodemon] starting `tsx ./src/app.ts`[39m
[dotenv@17.2.2] injecting env (5) from .env -- tip: ⚙️  write to custom object with { processEnv: myObject }
database is connected 
server is starting on port 4000
[32m[nodemon] restarting due to changes...[39m
[32m[nodemon] starting `tsx ./src/app.ts`[39m
[dotenv@17.2.2] injecting env (5) from .env -- tip: ⚙️  load multiple .env files with { path: ['.env.local', '.env'] }
database is connected 
server is starting on port 4000
[32m[nodemon] restarting due to changes...[39m
[32m[nodemon] starting `tsx ./src/app.ts`[39m
[dotenv@17.2.2] injecting env (5) from .env -- tip: 🔐 prevent committing .env to code: https://dotenvx.com/precommit
database is connected 
server is starting on port 4000
[32m[nodemon] restarting due to changes...[39m
[32m[nodemon] starting `tsx ./src/app.ts`[39m
[dotenv@17.2.2] injecting env (5) from .env -- tip: ⚙️  override existing env vars with { override: true }
database is connected 
server is starting on port 4000
[32m[nodemon] restarting due to changes...[39m
[32m[nodemon] starting `tsx ./src/app.ts`[39m
[dotenv@17.2.2] injecting env (5) from .env -- tip: 📡 observe env with Radar: https://dotenvx.com/radar
database is connected 
server is starting on port 4000
[32m[nodemon] restarting due to changes...[39m
[32m[nodemon] starting `tsx ./src/app.ts`[39m
[dotenv@17.2.2] injecting env (5) from .env -- tip: ⚙️  specify custom .env file path with { path: '/custom/path/.env' }
database is connected 
server is starting on port 4000
[32m[nodemon] restarting due to changes...[39m
[32m[nodemon] starting `tsx ./src/app.ts`[39m
[dotenv@17.2.2] injecting env (5) from .env -- tip: ⚙️  load multiple .env files with { path: ['.env.local', '.env'] }
database is connected 
server is starting on port 4000
[32m[nodemon] restarting due to changes...[39m
[32m[nodemon] starting `tsx ./src/app.ts`[39m
[dotenv@17.2.2] injecting env (5) from .env -- tip: 📡 auto-backup env with Radar: https://dotenvx.com/radar
database is connected 
server is starting on port 4000
[32m[nodemon] restarting due to changes...[39m
[32m[nodemon] starting `tsx ./src/app.ts`[39m
[dotenv@17.2.2] injecting env (5) from .env -- tip: ⚙️  enable debug logging with { debug: true }
database is connected 
server is starting on port 4000
[32m[nodemon] restarting due to changes...[39m
[32m[nodemon] starting `tsx ./src/app.ts`[39m
[dotenv@17.2.2] injecting env (5) from .env -- tip: ⚙️  suppress all logs with { quiet: true }
database is connected 
server is starting on port 4000
[32m[nodemon] restarting due to changes...[39m
[32m[nodemon] starting `tsx ./src/app.ts`[39m
[dotenv@17.2.2] injecting env (5) from .env -- tip: 📡 observe env with Radar: https://dotenvx.com/radar
database is connected 
server is starting on port 4000
[32m[nodemon] restarting due to changes...[39m
[32m[nodemon] starting `tsx ./src/app.ts`[39m
[32m[nodemon] still waiting for 1 sub-process to finish...[39m
[dotenv@17.2.2] injecting env (5) from .env -- tip: 📡 version env with Radar: https://dotenvx.com/radar
database is connected 
server is starting on port 4000
[32m[nodemon] restarting due to changes...[39m
[32m[nodemon] starting `tsx ./src/app.ts`[39m
[dotenv@17.2.2] injecting env (5) from .env -- tip: 🔐 encrypt with Dotenvx: https://dotenvx.com
database is connected 
server is starting on port 4000
[32m[nodemon] restarting due to changes...[39m
[32m[nodemon] starting `tsx ./src/app.ts`[39m
[dotenv@17.2.2] injecting env (5) from .env -- tip: 🔐 prevent committing .env to code: https://dotenvx.com/precommit
database is connected 
server is starting on port 4000
[32m[nodemon] restarting due to changes...[39m
[32m[nodemon] starting `tsx ./src/app.ts`[39m
[dotenv@17.2.2] injecting env (5) from .env -- tip: 📡 version env with Radar: https://dotenvx.com/radar
database is connected 
server is starting on port 4000
[32m[nodemon] restarting due to changes...[39m
[32m[nodemon] starting `tsx ./src/app.ts`[39m
[dotenv@17.2.2] injecting env (5) from .env -- tip: 🔐 encrypt with Dotenvx: https://dotenvx.com
database is connected 
server is starting on port 4000
[32m[nodemon] restarting due to changes...[39m
[32m[nodemon] starting `tsx ./src/app.ts`[39m
[dotenv@17.2.2] injecting env (5) from .env -- tip: 📡 version env with Radar: https://dotenvx.com/radar
database is connected 
server is starting on port 4000
[32m[nodemon] restarting due to changes...[39m
[32m[nodemon] starting `tsx ./src/app.ts`[39m
[dotenv@17.2.2] injecting env (5) from .env -- tip: ⚙️  load multiple .env files with { path: ['.env.local', '.env'] }
database is connected 
server is starting on port 4000
[32m[nodemon] restarting due to changes...[39m
[32m[nodemon] starting `tsx ./src/app.ts`[39m
[dotenv@17.2.2] injecting env (5) from .env -- tip: ⚙️  enable debug logging with { debug: true }
database is connected 
server is starting on port 4000
[32m[nodemon] restarting due to changes...[39m
[32m[nodemon] starting `tsx ./src/app.ts`[39m
[dotenv@17.2.2] injecting env (5) from .env -- tip: ⚙️  override existing env vars with { override: true }
database is connected 
server is starting on port 4000
[32m[nodemon] restarting due to changes...[39m
[32m[nodemon] starting `tsx ./src/app.ts`[39m
[dotenv@17.2.2] injecting env (5) from .env -- tip: 📡 version env with Radar: https://dotenvx.com/radar
database is connected 
server is starting on port 4000
[32m[nodemon] restarting due to changes...[39m
[32m[nodemon] starting `tsx ./src/app.ts`[39m
[dotenv@17.2.2] injecting env (5) from .env -- tip: 📡 observe env with Radar: https://dotenvx.com/radar
database is connected 
server is starting on port 4000
[32m[nodemon] restarting due to changes...[39m
[32m[nodemon] restarting due to changes...[39m
[32m[nodemon] starting `tsx ./src/app.ts`[39m
[dotenv@17.2.2] injecting env (5) from .env -- tip: 🔐 prevent building .env in docker: https://dotenvx.com/prebuild
database is connected 
server is starting on port 4000
[32m[nodemon] restarting due to changes...[39m
[32m[nodemon] starting `tsx ./src/app.ts`[39m
[32m[nodemon] still waiting for 1 sub-process to finish...[39m
[dotenv@17.2.2] injecting env (5) from .env -- tip: 🔐 prevent building .env in docker: https://dotenvx.com/prebuild
database is connected 
server is starting on port 4000
